<?xml version="1.0" encoding="UTF-8"?>
<!-- Generated by org.testng.reporters.JUnitReportReporter -->
<testsuite hostname="Lenovo-P" name="testCases.CreateStateTest" tests="1" failures="0" timestamp="11 Jan 2016 13:52:15 GMT" time="8.206" errors="0">
  <testcase name="test" time="8.206" classname="testCases.CreateStateTest"/>
</testsuite> <!-- testCases.CreateStateTest -->
