<?xml version="1.0" encoding="UTF-8"?>
<!-- Generated by org.testng.reporters.JUnitReportReporter -->
<testsuite hostname="Lenovo-P" name="testCases.StateTest" tests="3" failures="0" timestamp="9 Mar 2016 14:49:03 GMT" time="35.255" errors="0">
  <testcase name="DeleteStateTest" time="11.736" classname="testCases.StateTest"/>
  <testcase name="AddAreaTest" time="11.939" classname="testCases.StateTest"/>
  <testcase name="CreateStateTest" time="11.580" classname="testCases.StateTest"/>
</testsuite> <!-- testCases.StateTest -->
