<?xml version="1.0" encoding="UTF-8"?>
<!-- Generated by org.testng.reporters.JUnitReportReporter -->
<testsuite hostname="Lenovo-P" name="testCases.CarrierTest" tests="3" failures="0" timestamp="9 Mar 2016 14:49:03 GMT" time="35.500" errors="0">
  <testcase name="DeleteCarrierTest" time="10.103" classname="testCases.CarrierTest"/>
  <testcase name="CreateCarrierTest" time="13.604" classname="testCases.CarrierTest"/>
  <testcase name="ModifyCarrierTest" time="11.793" classname="testCases.CarrierTest"/>
</testsuite> <!-- testCases.CarrierTest -->
