<?xml version="1.0" encoding="UTF-8"?>
<!-- Generated by org.testng.reporters.JUnitReportReporter -->
<testsuite hostname="WillDoms-MacBook-Pro.local" name="testCases.LoginTest" tests="1" failures="0" timestamp="17 Dec 2015 20:45:43 GMT" time="7.594" errors="0">
  <testcase name="f" time="7.594" classname="testCases.LoginTest"/>
</testsuite> <!-- testCases.LoginTest -->
